<?xml version="1.0" encoding="UTF-8"?>
<!-- Generated by org.testng.reporters.JUnitXMLReporter -->
<testsuite ignored="0" hostname="DESKTOP-E3E6SI5" failures="0" tests="4" name="Default test" time="9.103" errors="0" timestamp="2025-08-02T16:33:26 IST">
  <testcase classname="api.test.UserTests" name="testPostUser" time="2.74"/>
  <testcase classname="api.test.UserTests" name="testGetUserByName" time="1.473"/>
  <testcase classname="api.test.UserTests" name="testUpdateUserByName" time="2.887"/>
  <testcase classname="api.test.UserTests" name="testDeleteUserByName" time="1.428"/>
</testsuite> <!-- Default test -->
