<?xml version="1.0" encoding="UTF-8"?>
<!-- Generated by org.testng.reporters.JUnitXMLReporter -->
<testsuite ignored="0" hostname="DESKTOP-E3E6SI5" failures="1" tests="4" name="Test" time="17.741" errors="0" timestamp="2025-08-02T20:02:31 IST">
  <testcase classname="api.test.UserTests2" name="testPostUser" time="7.124"/>
  <testcase classname="api.test.UserTests2" name="testGetUserByName" time="2.211">
    <failure type="java.lang.AssertionError" message="expected [200] but found [404]">
      <![CDATA[java.lang.AssertionError: expected [200] but found [404]
at api.test.UserTests2.testGetUserByName(UserTests2.java:63)
at java.base/java.util.ArrayList.forEach(ArrayList.java:1596)
... Removed 32 stack frames]]>
    </failure>
  </testcase> <!-- testGetUserByName -->
  <testcase classname="api.test.UserTests2" name="testUpdateUserByName" time="3.761"/>
  <testcase classname="api.test.UserTests2" name="testDeleteUserByName" time="1.94"/>
</testsuite> <!-- Test -->
